Fri, 05 Aug 2022 14:36:17 -0400
Fri, 05 Aug 2022 14:36:45 -0400
Fri, 05 Aug 2022 14:40:41 -0400
Fri, 05 Aug 2022 14:45:01 -0400
Fri, 05 Aug 2022 14:45:05 -0400
Fri, 05 Aug 2022 14:45:06 -0400
Fri, 05 Aug 2022 14:45:07 -0400
Fri, 05 Aug 2022 14:45:08 -0400
Fri, 05 Aug 2022 14:45:09 -0400
Fri, 05 Aug 2022 14:45:10 -0400
Fri, 05 Aug 2022 15:13:19 -0400
Fri, 05 Aug 2022 15:13:21 -0400
Fri, 05 Aug 2022 15:13:23 -0400
Fri, 05 Aug 2022 15:13:28 -0400
Fri, 05 Aug 2022 15:16:54 -0400
Fri, 05 Aug 2022 15:16:56 -0400
Fri, 05 Aug 2022 15:16:56 -0400
Fri, 05 Aug 2022 15:16:56 -0400
Fri, 05 Aug 2022 15:16:57 -0400
Fri, 05 Aug 2022 15:16:58 -0400
Fri, 05 Aug 2022 15:16:59 -0400
Fri, 05 Aug 2022 15:16:59 -0400
Fri, 05 Aug 2022 15:16:59 -0400
Fri, 05 Aug 2022 15:16:59 -0400
Fri, 05 Aug 2022 15:17:00 -0400
Fri, 05 Aug 2022 15:17:01 -0400
Fri, 05 Aug 2022 15:17:02 -0400
Fri, 05 Aug 2022 15:17:02 -0400
